2024/02/13 14:19:16 [notice] 1#1: using the "epoll" event method
2024/02/13 14:19:16 [notice] 1#1: nginx/1.25.3
2024/02/13 14:19:16 [notice] 1#1: built by gcc 12.2.0 (Debian 12.2.0-14) 
2024/02/13 14:19:16 [notice] 1#1: OS: Linux 5.15.133.1-microsoft-standard-WSL2
2024/02/13 14:19:16 [notice] 1#1: getrlimit(RLIMIT_NOFILE): 1048576:1048576
2024/02/13 14:19:16 [notice] 1#1: start worker processes
2024/02/13 14:19:16 [notice] 1#1: start worker process 29
2024/02/13 14:19:16 [notice] 1#1: start worker process 30
2024/02/13 14:19:16 [notice] 1#1: start worker process 31
2024/02/13 14:19:16 [notice] 1#1: start worker process 32
2024/02/13 14:19:16 [notice] 1#1: start worker process 33
2024/02/13 14:19:16 [notice] 1#1: start worker process 34
2024/02/13 14:19:16 [notice] 1#1: start worker process 35
2024/02/13 14:19:16 [notice] 1#1: start worker process 36
2024/02/13 14:19:16 [notice] 1#1: start worker process 37
2024/02/13 14:19:16 [notice] 1#1: start worker process 38
2024/02/13 14:19:16 [notice] 1#1: start worker process 39
2024/02/13 14:19:16 [notice] 1#1: start worker process 40
2024/02/13 14:23:14 [notice] 1#1: signal 3 (SIGQUIT) received, shutting down
2024/02/13 14:23:14 [notice] 30#30: gracefully shutting down
2024/02/13 14:23:14 [notice] 38#38: gracefully shutting down
2024/02/13 14:23:14 [notice] 29#29: gracefully shutting down
2024/02/13 14:23:14 [notice] 29#29: exiting
2024/02/13 14:23:14 [notice] 31#31: gracefully shutting down
2024/02/13 14:23:14 [notice] 32#32: gracefully shutting down
2024/02/13 14:23:14 [notice] 33#33: gracefully shutting down
2024/02/13 14:23:14 [notice] 33#33: exiting
2024/02/13 14:23:14 [notice] 34#34: gracefully shutting down
2024/02/13 14:23:14 [notice] 35#35: gracefully shutting down
2024/02/13 14:23:14 [notice] 36#36: gracefully shutting down
2024/02/13 14:23:14 [notice] 36#36: exiting
2024/02/13 14:23:14 [notice] 37#37: gracefully shutting down
2024/02/13 14:23:14 [notice] 37#37: exiting
2024/02/13 14:23:14 [notice] 39#39: gracefully shutting down
2024/02/13 14:23:14 [notice] 40#40: gracefully shutting down
2024/02/13 14:23:14 [notice] 30#30: exiting
2024/02/13 14:23:14 [notice] 38#38: exiting
2024/02/13 14:23:14 [notice] 29#29: exit
2024/02/13 14:23:14 [notice] 31#31: exiting
2024/02/13 14:23:14 [notice] 32#32: exiting
2024/02/13 14:23:14 [notice] 33#33: exit
2024/02/13 14:23:14 [notice] 34#34: exiting
2024/02/13 14:23:14 [notice] 35#35: exiting
2024/02/13 14:23:14 [notice] 36#36: exit
2024/02/13 14:23:14 [notice] 37#37: exit
2024/02/13 14:23:14 [notice] 39#39: exiting
2024/02/13 14:23:14 [notice] 40#40: exiting
2024/02/13 14:23:14 [notice] 30#30: exit
2024/02/13 14:23:14 [notice] 38#38: exit
2024/02/13 14:23:14 [notice] 31#31: exit
2024/02/13 14:23:14 [notice] 32#32: exit
2024/02/13 14:23:14 [notice] 34#34: exit
2024/02/13 14:23:14 [notice] 35#35: exit
2024/02/13 14:23:14 [notice] 39#39: exit
2024/02/13 14:23:14 [notice] 40#40: exit
2024/02/13 14:23:14 [notice] 1#1: signal 17 (SIGCHLD) received from 40
2024/02/13 14:23:14 [notice] 1#1: worker process 33 exited with code 0
2024/02/13 14:23:14 [notice] 1#1: worker process 34 exited with code 0
2024/02/13 14:23:14 [notice] 1#1: worker process 37 exited with code 0
2024/02/13 14:23:14 [notice] 1#1: worker process 40 exited with code 0
2024/02/13 14:23:14 [notice] 1#1: signal 29 (SIGIO) received
2024/02/13 14:23:14 [notice] 1#1: signal 17 (SIGCHLD) received from 34
2024/02/13 14:23:14 [notice] 1#1: signal 17 (SIGCHLD) received from 38
2024/02/13 14:23:14 [notice] 1#1: worker process 29 exited with code 0
2024/02/13 14:23:14 [notice] 1#1: worker process 30 exited with code 0
2024/02/13 14:23:14 [notice] 1#1: worker process 35 exited with code 0
2024/02/13 14:23:14 [notice] 1#1: worker process 38 exited with code 0
2024/02/13 14:23:14 [notice] 1#1: signal 29 (SIGIO) received
2024/02/13 14:23:14 [notice] 1#1: signal 17 (SIGCHLD) received from 35
2024/02/13 14:23:14 [notice] 1#1: signal 17 (SIGCHLD) received from 36
2024/02/13 14:23:14 [notice] 1#1: worker process 31 exited with code 0
2024/02/13 14:23:14 [notice] 1#1: worker process 36 exited with code 0
2024/02/13 14:23:14 [notice] 1#1: signal 29 (SIGIO) received
2024/02/13 14:23:14 [notice] 1#1: signal 17 (SIGCHLD) received from 32
2024/02/13 14:23:14 [notice] 1#1: worker process 32 exited with code 0
2024/02/13 14:23:14 [notice] 1#1: worker process 39 exited with code 0
2024/02/13 14:23:14 [notice] 1#1: exit
2024/02/13 14:23:21 [emerg] 1#1: "events" directive is not allowed here in /etc/nginx/conf.d/nginx.conf:1
2024/02/13 14:23:21 [emerg] 1#1: "events" directive is not allowed here in /etc/nginx/conf.d/nginx.conf:1
2024/02/13 14:23:22 [emerg] 1#1: "events" directive is not allowed here in /etc/nginx/conf.d/nginx.conf:1
2024/02/13 14:23:23 [emerg] 1#1: "events" directive is not allowed here in /etc/nginx/conf.d/nginx.conf:1
2024/02/13 14:23:24 [emerg] 1#1: "events" directive is not allowed here in /etc/nginx/conf.d/nginx.conf:1
2024/02/13 14:23:26 [emerg] 1#1: "events" directive is not allowed here in /etc/nginx/conf.d/nginx.conf:1
2024/02/13 14:23:30 [emerg] 1#1: "events" directive is not allowed here in /etc/nginx/conf.d/nginx.conf:1
2024/02/13 14:23:36 [emerg] 1#1: "events" directive is not allowed here in /etc/nginx/conf.d/nginx.conf:1
2024/02/13 14:23:49 [emerg] 1#1: "events" directive is not allowed here in /etc/nginx/conf.d/nginx.conf:1
2024/02/13 14:24:15 [emerg] 1#1: "events" directive is not allowed here in /etc/nginx/conf.d/nginx.conf:1
2024/02/13 14:25:07 [emerg] 1#1: "events" directive is not allowed here in /etc/nginx/conf.d/nginx.conf:1
2024/02/13 14:26:07 [emerg] 1#1: "events" directive is not allowed here in /etc/nginx/conf.d/nginx.conf:1
2024/02/13 14:27:08 [emerg] 1#1: "events" directive is not allowed here in /etc/nginx/conf.d/nginx.conf:1
2024/02/13 14:27:25 [notice] 1#1: using the "epoll" event method
2024/02/13 14:27:25 [notice] 1#1: nginx/1.25.3
2024/02/13 14:27:25 [notice] 1#1: built by gcc 12.2.0 (Debian 12.2.0-14) 
2024/02/13 14:27:25 [notice] 1#1: OS: Linux 5.15.133.1-microsoft-standard-WSL2
2024/02/13 14:27:25 [notice] 1#1: getrlimit(RLIMIT_NOFILE): 1048576:1048576
2024/02/13 14:27:25 [notice] 1#1: start worker processes
2024/02/13 14:27:25 [notice] 1#1: start worker process 29
2024/02/13 14:27:25 [notice] 1#1: start worker process 30
2024/02/13 14:27:25 [notice] 1#1: start worker process 31
2024/02/13 14:27:25 [notice] 1#1: start worker process 32
2024/02/13 14:27:25 [notice] 1#1: start worker process 33
2024/02/13 14:27:25 [notice] 1#1: start worker process 34
2024/02/13 14:27:25 [notice] 1#1: start worker process 35
2024/02/13 14:27:25 [notice] 1#1: start worker process 36
2024/02/13 14:27:25 [notice] 1#1: start worker process 37
2024/02/13 14:27:25 [notice] 1#1: start worker process 38
2024/02/13 14:27:25 [notice] 1#1: start worker process 39
2024/02/13 14:27:25 [notice] 1#1: start worker process 40
2024/02/13 14:29:08 [notice] 1#1: signal 3 (SIGQUIT) received, shutting down
2024/02/13 14:29:08 [notice] 29#29: gracefully shutting down
2024/02/13 14:29:08 [notice] 39#39: gracefully shutting down
2024/02/13 14:29:08 [notice] 30#30: gracefully shutting down
2024/02/13 14:29:08 [notice] 31#31: gracefully shutting down
2024/02/13 14:29:08 [notice] 33#33: gracefully shutting down
2024/02/13 14:29:08 [notice] 32#32: gracefully shutting down
2024/02/13 14:29:08 [notice] 34#34: gracefully shutting down
2024/02/13 14:29:08 [notice] 35#35: gracefully shutting down
2024/02/13 14:29:08 [notice] 36#36: gracefully shutting down
2024/02/13 14:29:08 [notice] 38#38: gracefully shutting down
2024/02/13 14:29:08 [notice] 37#37: gracefully shutting down
2024/02/13 14:29:08 [notice] 29#29: exiting
2024/02/13 14:29:08 [notice] 40#40: gracefully shutting down
2024/02/13 14:29:08 [notice] 39#39: exiting
2024/02/13 14:29:08 [notice] 30#30: exiting
2024/02/13 14:29:08 [notice] 31#31: exiting
2024/02/13 14:29:08 [notice] 33#33: exiting
2024/02/13 14:29:08 [notice] 32#32: exiting
2024/02/13 14:29:08 [notice] 34#34: exiting
2024/02/13 14:29:08 [notice] 35#35: exiting
2024/02/13 14:29:08 [notice] 36#36: exiting
2024/02/13 14:29:08 [notice] 38#38: exiting
2024/02/13 14:29:08 [notice] 37#37: exiting
2024/02/13 14:29:08 [notice] 29#29: exit
2024/02/13 14:29:08 [notice] 40#40: exiting
2024/02/13 14:29:08 [notice] 39#39: exit
2024/02/13 14:29:08 [notice] 30#30: exit
2024/02/13 14:29:08 [notice] 31#31: exit
2024/02/13 14:29:08 [notice] 33#33: exit
2024/02/13 14:29:08 [notice] 32#32: exit
2024/02/13 14:29:08 [notice] 34#34: exit
2024/02/13 14:29:08 [notice] 35#35: exit
2024/02/13 14:29:08 [notice] 36#36: exit
2024/02/13 14:29:08 [notice] 38#38: exit
2024/02/13 14:29:08 [notice] 37#37: exit
2024/02/13 14:29:08 [notice] 40#40: exit
2024/02/13 14:29:08 [notice] 1#1: signal 17 (SIGCHLD) received from 40
2024/02/13 14:29:08 [notice] 1#1: worker process 29 exited with code 0
2024/02/13 14:29:08 [notice] 1#1: worker process 30 exited with code 0
2024/02/13 14:29:08 [notice] 1#1: worker process 31 exited with code 0
2024/02/13 14:29:08 [notice] 1#1: worker process 33 exited with code 0
2024/02/13 14:29:08 [notice] 1#1: worker process 36 exited with code 0
2024/02/13 14:29:08 [notice] 1#1: worker process 40 exited with code 0
2024/02/13 14:29:08 [notice] 1#1: signal 29 (SIGIO) received
2024/02/13 14:29:08 [notice] 1#1: signal 17 (SIGCHLD) received from 39
2024/02/13 14:29:08 [notice] 1#1: worker process 39 exited with code 0
2024/02/13 14:29:08 [notice] 1#1: signal 29 (SIGIO) received
2024/02/13 14:29:08 [notice] 1#1: signal 17 (SIGCHLD) received from 35
2024/02/13 14:29:08 [notice] 1#1: worker process 32 exited with code 0
2024/02/13 14:29:08 [notice] 1#1: worker process 34 exited with code 0
2024/02/13 14:29:08 [notice] 1#1: worker process 35 exited with code 0
2024/02/13 14:29:08 [notice] 1#1: worker process 38 exited with code 0
2024/02/13 14:29:08 [notice] 1#1: signal 29 (SIGIO) received
2024/02/13 14:29:08 [notice] 1#1: signal 17 (SIGCHLD) received from 37
2024/02/13 14:29:08 [notice] 1#1: worker process 37 exited with code 0
2024/02/13 14:29:08 [notice] 1#1: exit
2024/02/13 14:29:13 [notice] 1#1: using the "epoll" event method
2024/02/13 14:29:13 [notice] 1#1: nginx/1.25.3
2024/02/13 14:29:13 [notice] 1#1: built by gcc 12.2.0 (Debian 12.2.0-14) 
2024/02/13 14:29:13 [notice] 1#1: OS: Linux 5.15.133.1-microsoft-standard-WSL2
2024/02/13 14:29:13 [notice] 1#1: getrlimit(RLIMIT_NOFILE): 1048576:1048576
2024/02/13 14:29:13 [notice] 1#1: start worker processes
2024/02/13 14:29:13 [notice] 1#1: start worker process 29
2024/02/13 14:29:13 [notice] 1#1: start worker process 30
2024/02/13 14:29:13 [notice] 1#1: start worker process 31
2024/02/13 14:29:13 [notice] 1#1: start worker process 32
2024/02/13 14:29:13 [notice] 1#1: start worker process 33
2024/02/13 14:29:13 [notice] 1#1: start worker process 34
2024/02/13 14:29:13 [notice] 1#1: start worker process 35
2024/02/13 14:29:13 [notice] 1#1: start worker process 36
2024/02/13 14:29:13 [notice] 1#1: start worker process 37
2024/02/13 14:29:13 [notice] 1#1: start worker process 38
2024/02/13 14:29:13 [notice] 1#1: start worker process 39
2024/02/13 14:29:13 [notice] 1#1: start worker process 40
2024/02/13 14:29:25 [notice] 1#1: signal 3 (SIGQUIT) received, shutting down
2024/02/13 14:29:25 [notice] 29#29: gracefully shutting down
2024/02/13 14:29:25 [notice] 38#38: gracefully shutting down
2024/02/13 14:29:25 [notice] 31#31: gracefully shutting down
2024/02/13 14:29:25 [notice] 30#30: gracefully shutting down
2024/02/13 14:29:25 [notice] 32#32: gracefully shutting down
2024/02/13 14:29:25 [notice] 32#32: exiting
2024/02/13 14:29:25 [notice] 33#33: gracefully shutting down
2024/02/13 14:29:25 [notice] 35#35: gracefully shutting down
2024/02/13 14:29:25 [notice] 35#35: exiting
2024/02/13 14:29:25 [notice] 34#34: gracefully shutting down
2024/02/13 14:29:25 [notice] 37#37: gracefully shutting down
2024/02/13 14:29:25 [notice] 36#36: gracefully shutting down
2024/02/13 14:29:25 [notice] 39#39: gracefully shutting down
2024/02/13 14:29:25 [notice] 29#29: exiting
2024/02/13 14:29:25 [notice] 40#40: gracefully shutting down
2024/02/13 14:29:25 [notice] 40#40: exiting
2024/02/13 14:29:25 [notice] 38#38: exiting
2024/02/13 14:29:25 [notice] 31#31: exiting
2024/02/13 14:29:25 [notice] 30#30: exiting
2024/02/13 14:29:25 [notice] 32#32: exit
2024/02/13 14:29:25 [notice] 33#33: exiting
2024/02/13 14:29:25 [notice] 35#35: exit
2024/02/13 14:29:25 [notice] 34#34: exiting
2024/02/13 14:29:25 [notice] 37#37: exiting
2024/02/13 14:29:25 [notice] 36#36: exiting
2024/02/13 14:29:25 [notice] 39#39: exiting
2024/02/13 14:29:25 [notice] 29#29: exit
2024/02/13 14:29:25 [notice] 40#40: exit
2024/02/13 14:29:25 [notice] 38#38: exit
2024/02/13 14:29:25 [notice] 31#31: exit
2024/02/13 14:29:25 [notice] 30#30: exit
2024/02/13 14:29:25 [notice] 33#33: exit
2024/02/13 14:29:25 [notice] 34#34: exit
2024/02/13 14:29:25 [notice] 37#37: exit
2024/02/13 14:29:25 [notice] 36#36: exit
2024/02/13 14:29:25 [notice] 39#39: exit
2024/02/13 14:29:25 [notice] 1#1: signal 17 (SIGCHLD) received from 40
2024/02/13 14:29:25 [notice] 1#1: worker process 35 exited with code 0
2024/02/13 14:29:25 [notice] 1#1: worker process 40 exited with code 0
2024/02/13 14:29:25 [notice] 1#1: signal 29 (SIGIO) received
2024/02/13 14:29:25 [notice] 1#1: signal 17 (SIGCHLD) received from 36
2024/02/13 14:29:25 [notice] 1#1: worker process 29 exited with code 0
2024/02/13 14:29:25 [notice] 1#1: worker process 31 exited with code 0
2024/02/13 14:29:25 [notice] 1#1: worker process 32 exited with code 0
2024/02/13 14:29:25 [notice] 1#1: worker process 36 exited with code 0
2024/02/13 14:29:25 [notice] 1#1: worker process 37 exited with code 0
2024/02/13 14:29:25 [notice] 1#1: worker process 38 exited with code 0
2024/02/13 14:29:25 [notice] 1#1: worker process 39 exited with code 0
2024/02/13 14:29:25 [notice] 1#1: signal 29 (SIGIO) received
2024/02/13 14:29:25 [notice] 1#1: signal 17 (SIGCHLD) received from 29
2024/02/13 14:29:25 [notice] 1#1: signal 17 (SIGCHLD) received from 33
2024/02/13 14:29:25 [notice] 1#1: worker process 30 exited with code 0
2024/02/13 14:29:25 [notice] 1#1: worker process 33 exited with code 0
2024/02/13 14:29:25 [notice] 1#1: worker process 34 exited with code 0
2024/02/13 14:29:25 [notice] 1#1: exit
2024/02/13 14:29:31 [notice] 1#1: using the "epoll" event method
2024/02/13 14:29:31 [notice] 1#1: nginx/1.25.3
2024/02/13 14:29:31 [notice] 1#1: built by gcc 12.2.0 (Debian 12.2.0-14) 
2024/02/13 14:29:31 [notice] 1#1: OS: Linux 5.15.133.1-microsoft-standard-WSL2
2024/02/13 14:29:31 [notice] 1#1: getrlimit(RLIMIT_NOFILE): 1048576:1048576
2024/02/13 14:29:31 [notice] 1#1: start worker processes
2024/02/13 14:29:31 [notice] 1#1: start worker process 20
2024/02/13 14:29:31 [notice] 1#1: start worker process 21
2024/02/13 14:29:31 [notice] 1#1: start worker process 22
2024/02/13 14:29:31 [notice] 1#1: start worker process 23
2024/02/13 14:29:31 [notice] 1#1: start worker process 24
2024/02/13 14:29:31 [notice] 1#1: start worker process 25
2024/02/13 14:29:31 [notice] 1#1: start worker process 26
2024/02/13 14:29:31 [notice] 1#1: start worker process 27
2024/02/13 14:29:31 [notice] 1#1: start worker process 28
2024/02/13 14:29:31 [notice] 1#1: start worker process 29
2024/02/13 14:29:31 [notice] 1#1: start worker process 30
2024/02/13 14:29:31 [notice] 1#1: start worker process 31
2024/02/13 14:40:34 [notice] 1#1: signal 3 (SIGQUIT) received, shutting down
2024/02/13 14:40:34 [notice] 20#20: gracefully shutting down
2024/02/13 14:40:34 [notice] 30#30: gracefully shutting down
2024/02/13 14:40:34 [notice] 21#21: gracefully shutting down
2024/02/13 14:40:34 [notice] 22#22: gracefully shutting down
2024/02/13 14:40:34 [notice] 24#24: gracefully shutting down
2024/02/13 14:40:34 [notice] 24#24: exiting
2024/02/13 14:40:34 [notice] 25#25: gracefully shutting down
2024/02/13 14:40:34 [notice] 23#23: gracefully shutting down
2024/02/13 14:40:34 [notice] 26#26: gracefully shutting down
2024/02/13 14:40:34 [notice] 27#27: gracefully shutting down
2024/02/13 14:40:34 [notice] 29#29: gracefully shutting down
2024/02/13 14:40:34 [notice] 28#28: gracefully shutting down
2024/02/13 14:40:34 [notice] 31#31: gracefully shutting down
2024/02/13 14:40:34 [notice] 31#31: exiting
2024/02/13 14:40:34 [notice] 20#20: exiting
2024/02/13 14:40:34 [notice] 30#30: exiting
2024/02/13 14:40:34 [notice] 21#21: exiting
2024/02/13 14:40:34 [notice] 22#22: exiting
2024/02/13 14:40:34 [notice] 24#24: exit
2024/02/13 14:40:34 [notice] 25#25: exiting
2024/02/13 14:40:34 [notice] 23#23: exiting
2024/02/13 14:40:34 [notice] 26#26: exiting
2024/02/13 14:40:34 [notice] 27#27: exiting
2024/02/13 14:40:34 [notice] 29#29: exiting
2024/02/13 14:40:34 [notice] 28#28: exiting
2024/02/13 14:40:34 [notice] 31#31: exit
2024/02/13 14:40:34 [notice] 20#20: exit
2024/02/13 14:40:34 [notice] 30#30: exit
2024/02/13 14:40:34 [notice] 21#21: exit
2024/02/13 14:40:34 [notice] 22#22: exit
2024/02/13 14:40:34 [notice] 25#25: exit
2024/02/13 14:40:34 [notice] 23#23: exit
2024/02/13 14:40:34 [notice] 26#26: exit
2024/02/13 14:40:34 [notice] 27#27: exit
2024/02/13 14:40:34 [notice] 29#29: exit
2024/02/13 14:40:34 [notice] 28#28: exit
2024/02/13 14:40:35 [notice] 1#1: signal 17 (SIGCHLD) received from 28
2024/02/13 14:40:35 [notice] 1#1: worker process 21 exited with code 0
2024/02/13 14:40:35 [notice] 1#1: worker process 22 exited with code 0
2024/02/13 14:40:35 [notice] 1#1: worker process 23 exited with code 0
2024/02/13 14:40:35 [notice] 1#1: worker process 24 exited with code 0
2024/02/13 14:40:35 [notice] 1#1: worker process 26 exited with code 0
2024/02/13 14:40:35 [notice] 1#1: worker process 28 exited with code 0
2024/02/13 14:40:35 [notice] 1#1: worker process 29 exited with code 0
2024/02/13 14:40:35 [notice] 1#1: worker process 30 exited with code 0
2024/02/13 14:40:35 [notice] 1#1: worker process 31 exited with code 0
2024/02/13 14:40:35 [notice] 1#1: signal 29 (SIGIO) received
2024/02/13 14:40:35 [notice] 1#1: signal 17 (SIGCHLD) received from 21
2024/02/13 14:40:35 [notice] 1#1: signal 17 (SIGCHLD) received from 20
2024/02/13 14:40:35 [notice] 1#1: worker process 20 exited with code 0
2024/02/13 14:40:35 [notice] 1#1: worker process 25 exited with code 0
2024/02/13 14:40:35 [notice] 1#1: signal 29 (SIGIO) received
2024/02/13 14:40:35 [notice] 1#1: signal 17 (SIGCHLD) received from 27
2024/02/13 14:40:35 [notice] 1#1: worker process 27 exited with code 0
2024/02/13 14:40:35 [notice] 1#1: exit
2024/02/13 15:22:55 [notice] 1#1: using the "epoll" event method
2024/02/13 15:22:55 [notice] 1#1: nginx/1.25.3
2024/02/13 15:22:55 [notice] 1#1: built by gcc 12.2.0 (Debian 12.2.0-14) 
2024/02/13 15:22:55 [notice] 1#1: OS: Linux 5.15.133.1-microsoft-standard-WSL2
2024/02/13 15:22:55 [notice] 1#1: getrlimit(RLIMIT_NOFILE): 1048576:1048576
2024/02/13 15:22:55 [notice] 1#1: start worker processes
2024/02/13 15:22:55 [notice] 1#1: start worker process 20
2024/02/13 15:22:55 [notice] 1#1: start worker process 21
2024/02/13 15:22:55 [notice] 1#1: start worker process 22
2024/02/13 15:22:55 [notice] 1#1: start worker process 23
2024/02/13 15:22:55 [notice] 1#1: start worker process 24
2024/02/13 15:22:55 [notice] 1#1: start worker process 25
2024/02/13 15:22:55 [notice] 1#1: start worker process 26
2024/02/13 15:22:55 [notice] 1#1: start worker process 27
2024/02/13 15:22:55 [notice] 1#1: start worker process 28
2024/02/13 15:22:55 [notice] 1#1: start worker process 29
2024/02/13 15:22:55 [notice] 1#1: start worker process 30
2024/02/13 15:22:55 [notice] 1#1: start worker process 31
2024/02/15 13:56:13 [notice] 1#1: using the "epoll" event method
2024/02/15 13:56:13 [notice] 1#1: nginx/1.25.3
2024/02/15 13:56:13 [notice] 1#1: built by gcc 12.2.0 (Debian 12.2.0-14) 
2024/02/15 13:56:13 [notice] 1#1: OS: Linux 5.15.133.1-microsoft-standard-WSL2
2024/02/15 13:56:13 [notice] 1#1: getrlimit(RLIMIT_NOFILE): 1048576:1048576
2024/02/15 13:56:13 [notice] 1#1: start worker processes
2024/02/15 13:56:13 [notice] 1#1: start worker process 20
2024/02/15 13:56:13 [notice] 1#1: start worker process 21
2024/02/15 13:56:13 [notice] 1#1: start worker process 22
2024/02/15 13:56:13 [notice] 1#1: start worker process 23
2024/02/15 13:56:13 [notice] 1#1: start worker process 24
2024/02/15 13:56:13 [notice] 1#1: start worker process 25
2024/02/15 13:56:13 [notice] 1#1: start worker process 26
2024/02/15 13:56:13 [notice] 1#1: start worker process 27
2024/02/15 13:56:13 [notice] 1#1: start worker process 28
2024/02/15 13:56:13 [notice] 1#1: start worker process 29
2024/02/15 13:56:13 [notice] 1#1: start worker process 30
2024/02/15 13:56:13 [notice] 1#1: start worker process 31
2024/02/15 13:57:51 [notice] 1#1: signal 3 (SIGQUIT) received, shutting down
2024/02/15 13:57:51 [notice] 20#20: gracefully shutting down
2024/02/15 13:57:51 [notice] 20#20: exiting
2024/02/15 13:57:51 [notice] 21#21: gracefully shutting down
2024/02/15 13:57:51 [notice] 21#21: exiting
2024/02/15 13:57:51 [notice] 22#22: gracefully shutting down
2024/02/15 13:57:51 [notice] 23#23: gracefully shutting down
2024/02/15 13:57:51 [notice] 24#24: gracefully shutting down
2024/02/15 13:57:51 [notice] 26#26: gracefully shutting down
2024/02/15 13:57:51 [notice] 26#26: exiting
2024/02/15 13:57:51 [notice] 25#25: gracefully shutting down
2024/02/15 13:57:51 [notice] 28#28: gracefully shutting down
2024/02/15 13:57:51 [notice] 28#28: exiting
2024/02/15 13:57:51 [notice] 27#27: gracefully shutting down
2024/02/15 13:57:51 [notice] 29#29: gracefully shutting down
2024/02/15 13:57:51 [notice] 30#30: gracefully shutting down
2024/02/15 13:57:51 [notice] 31#31: gracefully shutting down
2024/02/15 13:57:51 [notice] 20#20: exit
2024/02/15 13:57:51 [notice] 21#21: exit
2024/02/15 13:57:51 [notice] 22#22: exiting
2024/02/15 13:57:51 [notice] 23#23: exiting
2024/02/15 13:57:51 [notice] 24#24: exiting
2024/02/15 13:57:51 [notice] 26#26: exit
2024/02/15 13:57:51 [notice] 25#25: exiting
2024/02/15 13:57:51 [notice] 28#28: exit
2024/02/15 13:57:51 [notice] 27#27: exiting
2024/02/15 13:57:51 [notice] 29#29: exiting
2024/02/15 13:57:51 [notice] 30#30: exiting
2024/02/15 13:57:51 [notice] 31#31: exiting
2024/02/15 13:57:51 [notice] 22#22: exit
2024/02/15 13:57:51 [notice] 23#23: exit
2024/02/15 13:57:51 [notice] 24#24: exit
2024/02/15 13:57:51 [notice] 25#25: exit
2024/02/15 13:57:51 [notice] 27#27: exit
2024/02/15 13:57:51 [notice] 29#29: exit
2024/02/15 13:57:51 [notice] 30#30: exit
2024/02/15 13:57:51 [notice] 31#31: exit
2024/02/15 13:57:51 [notice] 1#1: signal 17 (SIGCHLD) received from 30
2024/02/15 13:57:51 [notice] 1#1: worker process 22 exited with code 0
2024/02/15 13:57:51 [notice] 1#1: worker process 30 exited with code 0
2024/02/15 13:57:51 [notice] 1#1: signal 29 (SIGIO) received
2024/02/15 13:57:51 [notice] 1#1: signal 17 (SIGCHLD) received from 23
2024/02/15 13:57:51 [notice] 1#1: worker process 23 exited with code 0
2024/02/15 13:57:51 [notice] 1#1: signal 29 (SIGIO) received
2024/02/15 13:57:51 [notice] 1#1: signal 17 (SIGCHLD) received from 28
2024/02/15 13:57:51 [notice] 1#1: worker process 26 exited with code 0
2024/02/15 13:57:51 [notice] 1#1: worker process 28 exited with code 0
2024/02/15 13:57:51 [notice] 1#1: worker process 29 exited with code 0
2024/02/15 13:57:51 [notice] 1#1: worker process 31 exited with code 0
2024/02/15 13:57:51 [notice] 1#1: signal 29 (SIGIO) received
2024/02/15 13:57:51 [notice] 1#1: signal 17 (SIGCHLD) received from 27
2024/02/15 13:57:51 [notice] 1#1: worker process 20 exited with code 0
2024/02/15 13:57:51 [notice] 1#1: worker process 24 exited with code 0
2024/02/15 13:57:51 [notice] 1#1: worker process 25 exited with code 0
2024/02/15 13:57:51 [notice] 1#1: worker process 27 exited with code 0
2024/02/15 13:57:51 [notice] 1#1: signal 29 (SIGIO) received
2024/02/15 13:57:51 [notice] 1#1: signal 17 (SIGCHLD) received from 25
2024/02/15 13:57:51 [notice] 1#1: signal 17 (SIGCHLD) received from 21
2024/02/15 13:57:51 [notice] 1#1: worker process 21 exited with code 0
2024/02/15 13:57:51 [notice] 1#1: exit
2024/02/15 13:58:00 [notice] 1#1: using the "epoll" event method
2024/02/15 13:58:00 [notice] 1#1: nginx/1.25.3
2024/02/15 13:58:00 [notice] 1#1: built by gcc 12.2.0 (Debian 12.2.0-14) 
2024/02/15 13:58:00 [notice] 1#1: OS: Linux 5.15.133.1-microsoft-standard-WSL2
2024/02/15 13:58:00 [notice] 1#1: getrlimit(RLIMIT_NOFILE): 1048576:1048576
2024/02/15 13:58:00 [notice] 1#1: start worker processes
2024/02/15 13:58:00 [notice] 1#1: start worker process 20
2024/02/15 13:58:00 [notice] 1#1: start worker process 21
2024/02/15 13:58:00 [notice] 1#1: start worker process 22
2024/02/15 13:58:00 [notice] 1#1: start worker process 23
2024/02/15 13:58:00 [notice] 1#1: start worker process 24
2024/02/15 13:58:00 [notice] 1#1: start worker process 25
2024/02/15 13:58:00 [notice] 1#1: start worker process 26
2024/02/15 13:58:00 [notice] 1#1: start worker process 27
2024/02/15 13:58:00 [notice] 1#1: start worker process 28
2024/02/15 13:58:00 [notice] 1#1: start worker process 29
2024/02/15 13:58:00 [notice] 1#1: start worker process 30
2024/02/15 13:58:00 [notice] 1#1: start worker process 31
2024/02/15 15:49:37 [notice] 1#1: signal 3 (SIGQUIT) received, shutting down
2024/02/15 15:49:37 [notice] 20#20: gracefully shutting down
2024/02/15 15:49:37 [notice] 21#21: gracefully shutting down
2024/02/15 15:49:37 [notice] 22#22: gracefully shutting down
2024/02/15 15:49:37 [notice] 24#24: gracefully shutting down
2024/02/15 15:49:37 [notice] 25#25: gracefully shutting down
2024/02/15 15:49:37 [notice] 23#23: gracefully shutting down
2024/02/15 15:49:37 [notice] 26#26: gracefully shutting down
2024/02/15 15:49:37 [notice] 28#28: gracefully shutting down
2024/02/15 15:49:37 [notice] 29#29: gracefully shutting down
2024/02/15 15:49:37 [notice] 27#27: gracefully shutting down
2024/02/15 15:49:37 [notice] 30#30: gracefully shutting down
2024/02/15 15:49:37 [notice] 31#31: gracefully shutting down
2024/02/15 15:49:37 [notice] 20#20: exiting
2024/02/15 15:49:37 [notice] 22#22: exiting
2024/02/15 15:49:37 [notice] 21#21: exiting
2024/02/15 15:49:37 [notice] 25#25: exiting
2024/02/15 15:49:37 [notice] 24#24: exiting
2024/02/15 15:49:37 [notice] 23#23: exiting
2024/02/15 15:49:37 [notice] 26#26: exiting
2024/02/15 15:49:37 [notice] 28#28: exiting
2024/02/15 15:49:37 [notice] 29#29: exiting
2024/02/15 15:49:37 [notice] 26#26: exit
2024/02/15 15:49:37 [notice] 27#27: exiting
2024/02/15 15:49:37 [notice] 30#30: exiting
2024/02/15 15:49:37 [notice] 31#31: exiting
2024/02/15 15:49:37 [notice] 21#21: exit
2024/02/15 15:49:37 [notice] 30#30: exit
2024/02/15 15:49:37 [notice] 22#22: exit
2024/02/15 15:49:37 [notice] 20#20: exit
2024/02/15 15:49:37 [notice] 25#25: exit
2024/02/15 15:49:37 [notice] 24#24: exit
2024/02/15 15:49:37 [notice] 23#23: exit
2024/02/15 15:49:37 [notice] 28#28: exit
2024/02/15 15:49:37 [notice] 29#29: exit
2024/02/15 15:49:37 [notice] 27#27: exit
2024/02/15 15:49:37 [notice] 31#31: exit
2024/02/15 15:49:37 [notice] 1#1: signal 17 (SIGCHLD) received from 28
2024/02/15 15:49:37 [notice] 1#1: worker process 28 exited with code 0
2024/02/15 15:49:37 [notice] 1#1: worker process 31 exited with code 0
2024/02/15 15:49:37 [notice] 1#1: signal 29 (SIGIO) received
2024/02/15 15:49:37 [notice] 1#1: signal 17 (SIGCHLD) received from 30
2024/02/15 15:49:37 [notice] 1#1: worker process 30 exited with code 0
2024/02/15 15:49:37 [notice] 1#1: worker process 20 exited with code 0
2024/02/15 15:49:37 [notice] 1#1: worker process 23 exited with code 0
2024/02/15 15:49:37 [notice] 1#1: signal 29 (SIGIO) received
2024/02/15 15:49:37 [notice] 1#1: signal 17 (SIGCHLD) received from 20
2024/02/15 15:49:37 [notice] 1#1: signal 17 (SIGCHLD) received from 24
2024/02/15 15:49:37 [notice] 1#1: worker process 22 exited with code 0
2024/02/15 15:49:37 [notice] 1#1: worker process 24 exited with code 0
2024/02/15 15:49:37 [notice] 1#1: worker process 25 exited with code 0
2024/02/15 15:49:37 [notice] 1#1: worker process 26 exited with code 0
2024/02/15 15:49:37 [notice] 1#1: worker process 27 exited with code 0
2024/02/15 15:49:37 [notice] 1#1: worker process 29 exited with code 0
2024/02/15 15:49:37 [notice] 1#1: signal 29 (SIGIO) received
2024/02/15 15:49:37 [notice] 1#1: signal 17 (SIGCHLD) received from 25
2024/02/15 15:49:37 [notice] 1#1: signal 17 (SIGCHLD) received from 21
2024/02/15 15:49:37 [notice] 1#1: worker process 21 exited with code 0
2024/02/15 15:49:37 [notice] 1#1: exit
2024/03/11 14:15:31 [notice] 1#1: using the "epoll" event method
2024/03/11 14:15:31 [notice] 1#1: nginx/1.25.3
2024/03/11 14:15:31 [notice] 1#1: built by gcc 12.2.0 (Debian 12.2.0-14) 
2024/03/11 14:15:31 [notice] 1#1: OS: Linux 5.15.133.1-microsoft-standard-WSL2
2024/03/11 14:15:31 [notice] 1#1: getrlimit(RLIMIT_NOFILE): 1048576:1048576
2024/03/11 14:15:31 [notice] 1#1: start worker processes
2024/03/11 14:15:31 [notice] 1#1: start worker process 20
2024/03/11 14:15:31 [notice] 1#1: start worker process 21
2024/03/11 14:15:31 [notice] 1#1: start worker process 22
2024/03/11 14:15:31 [notice] 1#1: start worker process 23
2024/03/11 14:15:31 [notice] 1#1: start worker process 24
2024/03/11 14:15:31 [notice] 1#1: start worker process 25
2024/03/11 14:15:31 [notice] 1#1: start worker process 26
2024/03/11 14:15:31 [notice] 1#1: start worker process 27
2024/03/11 14:15:31 [notice] 1#1: start worker process 28
2024/03/11 14:15:31 [notice] 1#1: start worker process 29
2024/03/11 14:15:31 [notice] 1#1: start worker process 30
2024/03/11 14:15:31 [notice] 1#1: start worker process 31
2024/03/11 14:40:08 [notice] 1#1: signal 3 (SIGQUIT) received, shutting down
2024/03/11 14:40:08 [notice] 20#20: gracefully shutting down
2024/03/11 14:40:08 [notice] 30#30: gracefully shutting down
2024/03/11 14:40:08 [notice] 21#21: gracefully shutting down
2024/03/11 14:40:08 [notice] 23#23: gracefully shutting down
2024/03/11 14:40:08 [notice] 24#24: gracefully shutting down
2024/03/11 14:40:08 [notice] 22#22: gracefully shutting down
2024/03/11 14:40:08 [notice] 25#25: gracefully shutting down
2024/03/11 14:40:08 [notice] 26#26: gracefully shutting down
2024/03/11 14:40:08 [notice] 27#27: gracefully shutting down
2024/03/11 14:40:08 [notice] 28#28: gracefully shutting down
2024/03/11 14:40:08 [notice] 31#31: gracefully shutting down
2024/03/11 14:40:08 [notice] 29#29: gracefully shutting down
2024/03/11 14:40:08 [notice] 20#20: exiting
2024/03/11 14:40:08 [notice] 30#30: exiting
2024/03/11 14:40:08 [notice] 20#20: exit
2024/03/11 14:40:08 [notice] 21#21: exiting
2024/03/11 14:40:08 [notice] 23#23: exiting
2024/03/11 14:40:08 [notice] 24#24: exiting
2024/03/11 14:40:08 [notice] 22#22: exiting
2024/03/11 14:40:08 [notice] 25#25: exiting
2024/03/11 14:40:08 [notice] 26#26: exiting
2024/03/11 14:40:08 [notice] 27#27: exiting
2024/03/11 14:40:08 [notice] 28#28: exiting
2024/03/11 14:40:08 [notice] 31#31: exiting
2024/03/11 14:40:08 [notice] 29#29: exiting
2024/03/11 14:40:08 [notice] 30#30: exit
2024/03/11 14:40:08 [notice] 21#21: exit
2024/03/11 14:40:08 [notice] 23#23: exit
2024/03/11 14:40:08 [notice] 24#24: exit
2024/03/11 14:40:08 [notice] 22#22: exit
2024/03/11 14:40:08 [notice] 25#25: exit
2024/03/11 14:40:08 [notice] 26#26: exit
2024/03/11 14:40:08 [notice] 27#27: exit
2024/03/11 14:40:08 [notice] 28#28: exit
2024/03/11 14:40:08 [notice] 31#31: exit
2024/03/11 14:40:08 [notice] 29#29: exit
2024/03/11 14:40:08 [notice] 1#1: signal 17 (SIGCHLD) received from 28
2024/03/11 14:40:08 [notice] 1#1: worker process 21 exited with code 0
2024/03/11 14:40:08 [notice] 1#1: worker process 22 exited with code 0
2024/03/11 14:40:08 [notice] 1#1: worker process 27 exited with code 0
2024/03/11 14:40:08 [notice] 1#1: worker process 28 exited with code 0
2024/03/11 14:40:08 [notice] 1#1: signal 29 (SIGIO) received
2024/03/11 14:40:08 [notice] 1#1: signal 17 (SIGCHLD) received from 27
2024/03/11 14:40:08 [notice] 1#1: signal 17 (SIGCHLD) received from 30
2024/03/11 14:40:08 [notice] 1#1: worker process 23 exited with code 0
2024/03/11 14:40:08 [notice] 1#1: worker process 26 exited with code 0
2024/03/11 14:40:08 [notice] 1#1: worker process 29 exited with code 0
2024/03/11 14:40:08 [notice] 1#1: worker process 30 exited with code 0
2024/03/11 14:40:08 [notice] 1#1: signal 29 (SIGIO) received
2024/03/11 14:40:08 [notice] 1#1: signal 17 (SIGCHLD) received from 25
2024/03/11 14:40:08 [notice] 1#1: worker process 20 exited with code 0
2024/03/11 14:40:08 [notice] 1#1: worker process 25 exited with code 0
2024/03/11 14:40:08 [notice] 1#1: signal 29 (SIGIO) received
2024/03/11 14:40:08 [notice] 1#1: signal 17 (SIGCHLD) received from 20
2024/03/11 14:40:08 [notice] 1#1: signal 17 (SIGCHLD) received from 24
2024/03/11 14:40:08 [notice] 1#1: worker process 24 exited with code 0
2024/03/11 14:40:08 [notice] 1#1: worker process 31 exited with code 0
2024/03/11 14:40:08 [notice] 1#1: exit
2024/03/11 14:44:07 [notice] 1#1: using the "epoll" event method
2024/03/11 14:44:07 [notice] 1#1: nginx/1.25.3
2024/03/11 14:44:07 [notice] 1#1: built by gcc 12.2.0 (Debian 12.2.0-14) 
2024/03/11 14:44:07 [notice] 1#1: OS: Linux 5.15.133.1-microsoft-standard-WSL2
2024/03/11 14:44:07 [notice] 1#1: getrlimit(RLIMIT_NOFILE): 1048576:1048576
2024/03/11 14:44:07 [notice] 1#1: start worker processes
2024/03/11 14:44:07 [notice] 1#1: start worker process 20
2024/03/11 14:44:07 [notice] 1#1: start worker process 21
2024/03/11 14:44:07 [notice] 1#1: start worker process 22
2024/03/11 14:44:07 [notice] 1#1: start worker process 23
2024/03/11 14:44:07 [notice] 1#1: start worker process 24
2024/03/11 14:44:07 [notice] 1#1: start worker process 25
2024/03/11 14:44:07 [notice] 1#1: start worker process 26
2024/03/11 14:44:07 [notice] 1#1: start worker process 27
2024/03/11 14:44:07 [notice] 1#1: start worker process 28
2024/03/11 14:44:07 [notice] 1#1: start worker process 29
2024/03/11 14:44:07 [notice] 1#1: start worker process 30
2024/03/11 14:44:07 [notice] 1#1: start worker process 31
2024/03/11 14:57:02 [notice] 1#1: signal 3 (SIGQUIT) received, shutting down
2024/03/11 14:57:02 [notice] 20#20: gracefully shutting down
2024/03/11 14:57:02 [notice] 22#22: gracefully shutting down
2024/03/11 14:57:02 [notice] 21#21: gracefully shutting down
2024/03/11 14:57:02 [notice] 30#30: gracefully shutting down
2024/03/11 14:57:02 [notice] 26#26: gracefully shutting down
2024/03/11 14:57:02 [notice] 26#26: exiting
2024/03/11 14:57:02 [notice] 25#25: gracefully shutting down
2024/03/11 14:57:02 [notice] 28#28: gracefully shutting down
2024/03/11 14:57:02 [notice] 31#31: gracefully shutting down
2024/03/11 14:57:02 [notice] 29#29: gracefully shutting down
2024/03/11 14:57:02 [notice] 23#23: gracefully shutting down
2024/03/11 14:57:02 [notice] 27#27: gracefully shutting down
2024/03/11 14:57:02 [notice] 24#24: gracefully shutting down
2024/03/11 14:57:02 [notice] 20#20: exiting
2024/03/11 14:57:02 [notice] 22#22: exiting
2024/03/11 14:57:02 [notice] 21#21: exiting
2024/03/11 14:57:02 [notice] 30#30: exiting
2024/03/11 14:57:02 [notice] 26#26: exit
2024/03/11 14:57:02 [notice] 25#25: exiting
2024/03/11 14:57:02 [notice] 28#28: exiting
2024/03/11 14:57:02 [notice] 31#31: exiting
2024/03/11 14:57:02 [notice] 29#29: exiting
2024/03/11 14:57:02 [notice] 23#23: exiting
2024/03/11 14:57:02 [notice] 27#27: exiting
2024/03/11 14:57:02 [notice] 24#24: exiting
2024/03/11 14:57:02 [notice] 20#20: exit
2024/03/11 14:57:02 [notice] 22#22: exit
2024/03/11 14:57:02 [notice] 21#21: exit
2024/03/11 14:57:02 [notice] 30#30: exit
2024/03/11 14:57:02 [notice] 25#25: exit
2024/03/11 14:57:02 [notice] 28#28: exit
2024/03/11 14:57:02 [notice] 31#31: exit
2024/03/11 14:57:02 [notice] 29#29: exit
2024/03/11 14:57:02 [notice] 23#23: exit
2024/03/11 14:57:02 [notice] 27#27: exit
2024/03/11 14:57:02 [notice] 24#24: exit
2024/03/11 14:57:02 [notice] 1#1: signal 17 (SIGCHLD) received from 24
2024/03/11 14:57:02 [notice] 1#1: worker process 24 exited with code 0
2024/03/11 14:57:02 [notice] 1#1: worker process 28 exited with code 0
2024/03/11 14:57:02 [notice] 1#1: signal 29 (SIGIO) received
2024/03/11 14:57:02 [notice] 1#1: signal 17 (SIGCHLD) received from 31
2024/03/11 14:57:02 [notice] 1#1: worker process 27 exited with code 0
2024/03/11 14:57:02 [notice] 1#1: worker process 31 exited with code 0
2024/03/11 14:57:02 [notice] 1#1: signal 29 (SIGIO) received
2024/03/11 14:57:02 [notice] 1#1: signal 17 (SIGCHLD) received from 29
2024/03/11 14:57:02 [notice] 1#1: worker process 21 exited with code 0
2024/03/11 14:57:02 [notice] 1#1: worker process 22 exited with code 0
2024/03/11 14:57:02 [notice] 1#1: worker process 23 exited with code 0
2024/03/11 14:57:02 [notice] 1#1: worker process 26 exited with code 0
2024/03/11 14:57:02 [notice] 1#1: worker process 29 exited with code 0
2024/03/11 14:57:02 [notice] 1#1: worker process 30 exited with code 0
2024/03/11 14:57:02 [notice] 1#1: signal 29 (SIGIO) received
2024/03/11 14:57:02 [notice] 1#1: signal 17 (SIGCHLD) received from 25
2024/03/11 14:57:02 [notice] 1#1: worker process 20 exited with code 0
2024/03/11 14:57:02 [notice] 1#1: worker process 25 exited with code 0
2024/03/11 14:57:02 [notice] 1#1: exit
